{"C:\\Users\\Florin Hamann\\Documents\\Development\\youtube-clone\\server\\app.js": {"path":"C:\\Users\\Florin Hamann\\Documents\\Development\\youtube-clone\\server\\app.js","statementMap":{"0":{"start":{"line":1,"column":16},"end":{"line":1,"column":34}},"1":{"start":{"line":2,"column":13},"end":{"line":2,"column":28}},"2":{"start":{"line":3,"column":21},"end":{"line":3,"column":44}},"3":{"start":{"line":4,"column":15},"end":{"line":4,"column":32}},"4":{"start":{"line":5,"column":19},"end":{"line":5,"column":41}},"5":{"start":{"line":6,"column":13},"end":{"line":6,"column":28}},"6":{"start":{"line":8,"column":25},"end":{"line":8,"column":44}},"7":{"start":{"line":10,"column":20},"end":{"line":10,"column":44}},"8":{"start":{"line":12,"column":12},"end":{"line":12,"column":28}},"9":{"start":{"line":14,"column":12},"end":{"line":14,"column":21}},"10":{"start":{"line":16,"column":0},"end":{"line":16,"column":56}},"11":{"start":{"line":18,"column":0},"end":{"line":18,"column":22}},"12":{"start":{"line":20,"column":0},"end":{"line":20,"column":51}},"13":{"start":{"line":21,"column":0},"end":{"line":21,"column":27}},"14":{"start":{"line":22,"column":0},"end":{"line":22,"column":16}},"15":{"start":{"line":24,"column":0},"end":{"line":26,"column":1}},"16":{"start":{"line":25,"column":2},"end":{"line":25,"column":67}},"17":{"start":{"line":28,"column":0},"end":{"line":32,"column":3}},"18":{"start":{"line":29,"column":2},"end":{"line":31,"column":5}},"19":{"start":{"line":34,"column":0},"end":{"line":34,"column":24}},"20":{"start":{"line":36,"column":0},"end":{"line":36,"column":30}},"21":{"start":{"line":37,"column":0},"end":{"line":37,"column":34}},"22":{"start":{"line":39,"column":0},"end":{"line":39,"column":21}}},"fnMap":{"0":{"name":"(anonymous_0)","decl":{"start":{"line":28,"column":13},"end":{"line":28,"column":14}},"loc":{"start":{"line":28,"column":27},"end":{"line":32,"column":1}},"line":28}},"branchMap":{"0":{"loc":{"start":{"line":24,"column":0},"end":{"line":26,"column":1}},"type":"if","locations":[{"start":{"line":24,"column":0},"end":{"line":26,"column":1}},{"start":{"line":24,"column":0},"end":{"line":26,"column":1}}],"line":24}},"s":{"0":2,"1":2,"2":2,"3":2,"4":2,"5":2,"6":2,"7":2,"8":2,"9":2,"10":2,"11":2,"12":2,"13":2,"14":2,"15":2,"16":2,"17":2,"18":0,"19":2,"20":2,"21":2,"22":2},"f":{"0":0},"b":{"0":[2,0]},"_coverageSchema":"1a1c01bbd47fc00a2c39e90264f33305004495a9","hash":"f62ff3317bf7f69a38f641b7b057a7db20b5d5c3"}
,"C:\\Users\\Florin Hamann\\Documents\\Development\\youtube-clone\\server\\config.js": {"path":"C:\\Users\\Florin Hamann\\Documents\\Development\\youtube-clone\\server\\config.js","statementMap":{"0":{"start":{"line":3,"column":0},"end":{"line":3,"column":27}},"1":{"start":{"line":5,"column":21},"end":{"line":5,"column":52}},"2":{"start":{"line":6,"column":13},"end":{"line":6,"column":51}},"3":{"start":{"line":8,"column":28},"end":{"line":19,"column":1}},"4":{"start":{"line":9,"column":2},"end":{"line":18,"column":3}},"5":{"start":{"line":11,"column":6},"end":{"line":11,"column":50}},"6":{"start":{"line":13,"column":6},"end":{"line":13,"column":49}},"7":{"start":{"line":15,"column":6},"end":{"line":15,"column":50}},"8":{"start":{"line":17,"column":6},"end":{"line":17,"column":15}},"9":{"start":{"line":21,"column":0},"end":{"line":36,"column":2}}},"fnMap":{"0":{"name":"(anonymous_0)","decl":{"start":{"line":8,"column":28},"end":{"line":8,"column":29}},"loc":{"start":{"line":8,"column":34},"end":{"line":19,"column":1}},"line":8}},"branchMap":{"0":{"loc":{"start":{"line":6,"column":13},"end":{"line":6,"column":51}},"type":"cond-expr","locations":[{"start":{"line":6,"column":28},"end":{"line":6,"column":44}},{"start":{"line":6,"column":47},"end":{"line":6,"column":51}}],"line":6},"1":{"loc":{"start":{"line":9,"column":2},"end":{"line":18,"column":3}},"type":"switch","locations":[{"start":{"line":10,"column":4},"end":{"line":11,"column":50}},{"start":{"line":12,"column":4},"end":{"line":13,"column":49}},{"start":{"line":14,"column":4},"end":{"line":15,"column":50}},{"start":{"line":16,"column":4},"end":{"line":17,"column":15}}],"line":9}},"s":{"0":2,"1":2,"2":2,"3":2,"4":2,"5":0,"6":0,"7":2,"8":0,"9":2},"f":{"0":2},"b":{"0":[0,2],"1":[0,0,2,0]},"_coverageSchema":"1a1c01bbd47fc00a2c39e90264f33305004495a9","hash":"1f3df6bb8b3fa5dd98bf732a67e8a1409f991990"}
,"C:\\Users\\Florin Hamann\\Documents\\Development\\youtube-clone\\server\\database.js": {"path":"C:\\Users\\Florin Hamann\\Documents\\Development\\youtube-clone\\server\\database.js","statementMap":{"0":{"start":{"line":1,"column":17},"end":{"line":1,"column":36}},"1":{"start":{"line":2,"column":15},"end":{"line":2,"column":40}},"2":{"start":{"line":4,"column":15},"end":{"line":4,"column":34}},"3":{"start":{"line":5,"column":18},"end":{"line":5,"column":30}},"4":{"start":{"line":7,"column":0},"end":{"line":7,"column":34}},"5":{"start":{"line":9,"column":0},"end":{"line":11,"column":3}},"6":{"start":{"line":10,"column":2},"end":{"line":10,"column":55}},"7":{"start":{"line":13,"column":0},"end":{"line":15,"column":3}},"8":{"start":{"line":14,"column":2},"end":{"line":14,"column":40}},"9":{"start":{"line":17,"column":0},"end":{"line":20,"column":3}},"10":{"start":{"line":18,"column":2},"end":{"line":18,"column":20}},"11":{"start":{"line":19,"column":2},"end":{"line":19,"column":18}},"12":{"start":{"line":23,"column":2},"end":{"line":32,"column":4}},"13":{"start":{"line":24,"column":4},"end":{"line":31,"column":33}},"14":{"start":{"line":30,"column":18},"end":{"line":30,"column":27}},"15":{"start":{"line":31,"column":20},"end":{"line":31,"column":31}},"16":{"start":{"line":35,"column":0},"end":{"line":37,"column":2}}},"fnMap":{"0":{"name":"(anonymous_0)","decl":{"start":{"line":9,"column":36},"end":{"line":9,"column":37}},"loc":{"start":{"line":9,"column":42},"end":{"line":11,"column":1}},"line":9},"1":{"name":"(anonymous_1)","decl":{"start":{"line":13,"column":39},"end":{"line":13,"column":40}},"loc":{"start":{"line":13,"column":45},"end":{"line":15,"column":1}},"line":13},"2":{"name":"(anonymous_2)","decl":{"start":{"line":17,"column":32},"end":{"line":17,"column":33}},"loc":{"start":{"line":17,"column":41},"end":{"line":20,"column":1}},"line":17},"3":{"name":"connect","decl":{"start":{"line":22,"column":15},"end":{"line":22,"column":22}},"loc":{"start":{"line":22,"column":25},"end":{"line":33,"column":1}},"line":22},"4":{"name":"(anonymous_4)","decl":{"start":{"line":23,"column":14},"end":{"line":23,"column":15}},"loc":{"start":{"line":23,"column":35},"end":{"line":32,"column":3}},"line":23},"5":{"name":"(anonymous_5)","decl":{"start":{"line":30,"column":12},"end":{"line":30,"column":13}},"loc":{"start":{"line":30,"column":18},"end":{"line":30,"column":27}},"line":30},"6":{"name":"(anonymous_6)","decl":{"start":{"line":31,"column":13},"end":{"line":31,"column":14}},"loc":{"start":{"line":31,"column":20},"end":{"line":31,"column":31}},"line":31}},"branchMap":{},"s":{"0":2,"1":2,"2":2,"3":2,"4":2,"5":2,"6":2,"7":2,"8":0,"9":2,"10":0,"11":0,"12":2,"13":2,"14":2,"15":0,"16":2},"f":{"0":2,"1":0,"2":0,"3":2,"4":2,"5":2,"6":0},"b":{},"_coverageSchema":"1a1c01bbd47fc00a2c39e90264f33305004495a9","hash":"3be87a0a589d2b4659043efbf60f3b89a707277c"}
,"C:\\Users\\Florin Hamann\\Documents\\Development\\youtube-clone\\server\\middlewares.js": {"path":"C:\\Users\\Florin Hamann\\Documents\\Development\\youtube-clone\\server\\middlewares.js","statementMap":{"0":{"start":{"line":1,"column":25},"end":{"line":1,"column":44}},"1":{"start":{"line":2,"column":15},"end":{"line":2,"column":40}},"2":{"start":{"line":5,"column":2},"end":{"line":5,"column":18}},"3":{"start":{"line":6,"column":16},"end":{"line":6,"column":64}},"4":{"start":{"line":7,"column":2},"end":{"line":7,"column":14}},"5":{"start":{"line":13,"column":21},"end":{"line":13,"column":66}},"6":{"start":{"line":14,"column":2},"end":{"line":14,"column":25}},"7":{"start":{"line":16,"column":15},"end":{"line":26,"column":3}},"8":{"start":{"line":28,"column":2},"end":{"line":28,"column":23}},"9":{"start":{"line":30,"column":2},"end":{"line":33,"column":5}},"10":{"start":{"line":36,"column":0},"end":{"line":39,"column":2}}},"fnMap":{"0":{"name":"notFound","decl":{"start":{"line":4,"column":9},"end":{"line":4,"column":17}},"loc":{"start":{"line":4,"column":34},"end":{"line":8,"column":1}},"line":4},"1":{"name":"errorHandler","decl":{"start":{"line":11,"column":9},"end":{"line":11,"column":21}},"loc":{"start":{"line":11,"column":43},"end":{"line":34,"column":1}},"line":11}},"branchMap":{"0":{"loc":{"start":{"line":13,"column":21},"end":{"line":13,"column":66}},"type":"cond-expr","locations":[{"start":{"line":13,"column":46},"end":{"line":13,"column":60}},{"start":{"line":13,"column":63},"end":{"line":13,"column":66}}],"line":13},"1":{"loc":{"start":{"line":32,"column":11},"end":{"line":32,"column":42}},"type":"cond-expr","locations":[{"start":{"line":32,"column":26},"end":{"line":32,"column":30}},{"start":{"line":32,"column":33},"end":{"line":32,"column":42}}],"line":32}},"s":{"0":2,"1":2,"2":0,"3":0,"4":0,"5":4,"6":4,"7":4,"8":4,"9":4,"10":2},"f":{"0":0,"1":4},"b":{"0":[4,0],"1":[0,4]},"_coverageSchema":"1a1c01bbd47fc00a2c39e90264f33305004495a9","hash":"c7d6789e4e0e6ed513e7bd5bb6b295539784a749"}
,"C:\\Users\\Florin Hamann\\Documents\\Development\\youtube-clone\\server\\api\\index.js": {"path":"C:\\Users\\Florin Hamann\\Documents\\Development\\youtube-clone\\server\\api\\index.js","statementMap":{"0":{"start":{"line":1,"column":16},"end":{"line":1,"column":34}},"1":{"start":{"line":2,"column":17},"end":{"line":2,"column":44}},"2":{"start":{"line":3,"column":15},"end":{"line":3,"column":34}},"3":{"start":{"line":4,"column":15},"end":{"line":4,"column":34}},"4":{"start":{"line":6,"column":15},"end":{"line":6,"column":31}},"5":{"start":{"line":8,"column":0},"end":{"line":12,"column":3}},"6":{"start":{"line":9,"column":2},"end":{"line":11,"column":5}},"7":{"start":{"line":14,"column":0},"end":{"line":14,"column":40}},"8":{"start":{"line":15,"column":0},"end":{"line":15,"column":29}},"9":{"start":{"line":16,"column":0},"end":{"line":16,"column":36}},"10":{"start":{"line":18,"column":0},"end":{"line":18,"column":24}}},"fnMap":{"0":{"name":"(anonymous_0)","decl":{"start":{"line":8,"column":16},"end":{"line":8,"column":17}},"loc":{"start":{"line":8,"column":30},"end":{"line":12,"column":1}},"line":8}},"branchMap":{},"s":{"0":2,"1":2,"2":2,"3":2,"4":2,"5":2,"6":0,"7":2,"8":2,"9":2,"10":2},"f":{"0":0},"b":{},"_coverageSchema":"1a1c01bbd47fc00a2c39e90264f33305004495a9","hash":"ae9de22484867633b27cd4ff16aec74211c165cf"}
,"C:\\Users\\Florin Hamann\\Documents\\Development\\youtube-clone\\server\\api\\settings.video.js": {"path":"C:\\Users\\Florin Hamann\\Documents\\Development\\youtube-clone\\server\\api\\settings.video.js","statementMap":{"0":{"start":{"line":1,"column":16},"end":{"line":1,"column":34}},"1":{"start":{"line":2,"column":15},"end":{"line":2,"column":31}},"2":{"start":{"line":3,"column":20},"end":{"line":3,"column":51}},"3":{"start":{"line":5,"column":82},"end":{"line":5,"column":132}},"4":{"start":{"line":7,"column":0},"end":{"line":7,"column":62}},"5":{"start":{"line":8,"column":0},"end":{"line":8,"column":71}},"6":{"start":{"line":9,"column":0},"end":{"line":9,"column":62}},"7":{"start":{"line":10,"column":0},"end":{"line":10,"column":52}},"8":{"start":{"line":14,"column":0},"end":{"line":14,"column":66}},"9":{"start":{"line":16,"column":0},"end":{"line":16,"column":24}}},"fnMap":{},"branchMap":{},"s":{"0":2,"1":2,"2":2,"3":2,"4":2,"5":2,"6":2,"7":2,"8":2,"9":2},"f":{},"b":{},"_coverageSchema":"1a1c01bbd47fc00a2c39e90264f33305004495a9","hash":"3c06b00d0026e1f549ab95c819eb074921b7b027"}
,"C:\\Users\\Florin Hamann\\Documents\\Development\\youtube-clone\\server\\api\\socket.js": {"path":"C:\\Users\\Florin Hamann\\Documents\\Development\\youtube-clone\\server\\api\\socket.js","statementMap":{"0":{"start":{"line":1,"column":16},"end":{"line":1,"column":34}},"1":{"start":{"line":2,"column":15},"end":{"line":2,"column":31}},"2":{"start":{"line":3,"column":20},"end":{"line":3,"column":51}},"3":{"start":{"line":5,"column":20},"end":{"line":5,"column":62}},"4":{"start":{"line":7,"column":0},"end":{"line":7,"column":45}},"5":{"start":{"line":9,"column":0},"end":{"line":9,"column":24}}},"fnMap":{},"branchMap":{},"s":{"0":2,"1":2,"2":2,"3":2,"4":2,"5":2},"f":{},"b":{},"_coverageSchema":"1a1c01bbd47fc00a2c39e90264f33305004495a9","hash":"821d77388d24c6479118be7f0408cd5b43513b13"}
,"C:\\Users\\Florin Hamann\\Documents\\Development\\youtube-clone\\server\\api\\videos.js": {"path":"C:\\Users\\Florin Hamann\\Documents\\Development\\youtube-clone\\server\\api\\videos.js","statementMap":{"0":{"start":{"line":1,"column":16},"end":{"line":1,"column":34}},"1":{"start":{"line":2,"column":15},"end":{"line":2,"column":31}},"2":{"start":{"line":3,"column":20},"end":{"line":3,"column":51}},"3":{"start":{"line":5,"column":73},"end":{"line":5,"column":114}},"4":{"start":{"line":7,"column":0},"end":{"line":7,"column":46}},"5":{"start":{"line":8,"column":0},"end":{"line":8,"column":63}},"6":{"start":{"line":9,"column":0},"end":{"line":9,"column":43}},"7":{"start":{"line":10,"column":0},"end":{"line":10,"column":47}},"8":{"start":{"line":11,"column":0},"end":{"line":11,"column":53}},"9":{"start":{"line":12,"column":0},"end":{"line":12,"column":44}},"10":{"start":{"line":14,"column":0},"end":{"line":14,"column":24}}},"fnMap":{},"branchMap":{},"s":{"0":2,"1":2,"2":2,"3":2,"4":2,"5":2,"6":2,"7":2,"8":2,"9":2,"10":2},"f":{},"b":{},"_coverageSchema":"1a1c01bbd47fc00a2c39e90264f33305004495a9","hash":"528e990789155f7a5eb12b1d4c62fc94f618b1fb"}
,"C:\\Users\\Florin Hamann\\Documents\\Development\\youtube-clone\\server\\controller\\settings.video.controller.js": {"path":"C:\\Users\\Florin Hamann\\Documents\\Development\\youtube-clone\\server\\controller\\settings.video.controller.js","statementMap":{"0":{"start":{"line":1,"column":34},"end":{"line":1,"column":68}},"1":{"start":{"line":2,"column":14},"end":{"line":2,"column":45}},"2":{"start":{"line":4,"column":15},"end":{"line":4,"column":41}},"3":{"start":{"line":6,"column":16},"end":{"line":6,"column":49}},"4":{"start":{"line":7,"column":20},"end":{"line":7,"column":48}},"5":{"start":{"line":15,"column":0},"end":{"line":23,"column":2}},"6":{"start":{"line":16,"column":2},"end":{"line":22,"column":7}},"7":{"start":{"line":18,"column":6},"end":{"line":18,"column":34}},"8":{"start":{"line":21,"column":6},"end":{"line":21,"column":43}},"9":{"start":{"line":25,"column":0},"end":{"line":56,"column":2}},"10":{"start":{"line":26,"column":2},"end":{"line":26,"column":62}},"11":{"start":{"line":28,"column":35},"end":{"line":28,"column":43}},"12":{"start":{"line":30,"column":2},"end":{"line":55,"column":7}},"13":{"start":{"line":33,"column":6},"end":{"line":50,"column":8}},"14":{"start":{"line":44,"column":10},"end":{"line":46,"column":11}},"15":{"start":{"line":45,"column":12},"end":{"line":45,"column":38}},"16":{"start":{"line":47,"column":10},"end":{"line":47,"column":44}},"17":{"start":{"line":48,"column":10},"end":{"line":48,"column":38}},"18":{"start":{"line":53,"column":6},"end":{"line":53,"column":24}},"19":{"start":{"line":54,"column":6},"end":{"line":54,"column":32}},"20":{"start":{"line":58,"column":0},"end":{"line":150,"column":2}},"21":{"start":{"line":59,"column":17},"end":{"line":59,"column":40}},"22":{"start":{"line":61,"column":24},"end":{"line":61,"column":32}},"23":{"start":{"line":62,"column":2},"end":{"line":62,"column":62}},"24":{"start":{"line":64,"column":2},"end":{"line":64,"column":27}},"25":{"start":{"line":66,"column":2},"end":{"line":66,"column":87}},"26":{"start":{"line":68,"column":15},"end":{"line":68,"column":75}},"27":{"start":{"line":69,"column":15},"end":{"line":69,"column":17}},"28":{"start":{"line":70,"column":17},"end":{"line":70,"column":19}},"29":{"start":{"line":71,"column":19},"end":{"line":71,"column":21}},"30":{"start":{"line":72,"column":2},"end":{"line":113,"column":3}},"31":{"start":{"line":73,"column":25},"end":{"line":73,"column":29}},"32":{"start":{"line":75,"column":4},"end":{"line":77,"column":7}},"33":{"start":{"line":76,"column":6},"end":{"line":76,"column":35}},"34":{"start":{"line":79,"column":4},"end":{"line":81,"column":7}},"35":{"start":{"line":80,"column":6},"end":{"line":80,"column":37}},"36":{"start":{"line":83,"column":4},"end":{"line":85,"column":7}},"37":{"start":{"line":84,"column":6},"end":{"line":84,"column":40}},"38":{"start":{"line":87,"column":4},"end":{"line":87,"column":82}},"39":{"start":{"line":88,"column":4},"end":{"line":88,"column":60}},"40":{"start":{"line":90,"column":4},"end":{"line":95,"column":7}},"41":{"start":{"line":91,"column":6},"end":{"line":94,"column":7}},"42":{"start":{"line":92,"column":8},"end":{"line":92,"column":26}},"43":{"start":{"line":93,"column":8},"end":{"line":93,"column":53}},"44":{"start":{"line":97,"column":4},"end":{"line":110,"column":5}},"45":{"start":{"line":98,"column":6},"end":{"line":98,"column":64}},"46":{"start":{"line":99,"column":6},"end":{"line":99,"column":86}},"47":{"start":{"line":101,"column":6},"end":{"line":109,"column":11}},"48":{"start":{"line":103,"column":10},"end":{"line":103,"column":72}},"49":{"start":{"line":104,"column":10},"end":{"line":104,"column":94}},"50":{"start":{"line":107,"column":10},"end":{"line":107,"column":30}},"51":{"start":{"line":108,"column":10},"end":{"line":108,"column":55}},"52":{"start":{"line":112,"column":4},"end":{"line":112,"column":23}},"53":{"start":{"line":115,"column":2},"end":{"line":115,"column":115}},"54":{"start":{"line":116,"column":2},"end":{"line":116,"column":93}},"55":{"start":{"line":118,"column":2},"end":{"line":148,"column":3}},"56":{"start":{"line":119,"column":4},"end":{"line":119,"column":74}},"57":{"start":{"line":120,"column":4},"end":{"line":120,"column":100}},"58":{"start":{"line":121,"column":23},"end":{"line":121,"column":24}},"59":{"start":{"line":122,"column":4},"end":{"line":147,"column":5}},"60":{"start":{"line":123,"column":6},"end":{"line":123,"column":79}},"61":{"start":{"line":125,"column":23},"end":{"line":131,"column":10}},"62":{"start":{"line":129,"column":10},"end":{"line":129,"column":28}},"63":{"start":{"line":130,"column":10},"end":{"line":130,"column":55}},"64":{"start":{"line":133,"column":6},"end":{"line":133,"column":91}},"65":{"start":{"line":135,"column":23},"end":{"line":138,"column":8}},"66":{"start":{"line":136,"column":8},"end":{"line":136,"column":26}},"67":{"start":{"line":137,"column":8},"end":{"line":137,"column":53}},"68":{"start":{"line":140,"column":6},"end":{"line":143,"column":9}},"69":{"start":{"line":141,"column":8},"end":{"line":141,"column":26}},"70":{"start":{"line":142,"column":8},"end":{"line":142,"column":53}},"71":{"start":{"line":145,"column":6},"end":{"line":145,"column":65}},"72":{"start":{"line":146,"column":6},"end":{"line":146,"column":89}},"73":{"start":{"line":149,"column":2},"end":{"line":149,"column":82}},"74":{"start":{"line":153,"column":2},"end":{"line":157,"column":5}},"75":{"start":{"line":154,"column":4},"end":{"line":156,"column":35}},"76":{"start":{"line":155,"column":21},"end":{"line":155,"column":33}},"77":{"start":{"line":156,"column":22},"end":{"line":156,"column":33}},"78":{"start":{"line":160,"column":0},"end":{"line":194,"column":2}},"79":{"start":{"line":161,"column":13},"end":{"line":161,"column":26}},"80":{"start":{"line":163,"column":2},"end":{"line":193,"column":5}},"81":{"start":{"line":164,"column":4},"end":{"line":167,"column":5}},"82":{"start":{"line":165,"column":6},"end":{"line":165,"column":24}},"83":{"start":{"line":166,"column":6},"end":{"line":166,"column":43}},"84":{"start":{"line":177,"column":4},"end":{"line":177,"column":26}},"85":{"start":{"line":178,"column":4},"end":{"line":192,"column":76}},"86":{"start":{"line":180,"column":8},"end":{"line":180,"column":50}},"87":{"start":{"line":191,"column":27},"end":{"line":191,"column":69}},"88":{"start":{"line":192,"column":30},"end":{"line":192,"column":74}}},"fnMap":{"0":{"name":"(anonymous_0)","decl":{"start":{"line":15,"column":33},"end":{"line":15,"column":34}},"loc":{"start":{"line":15,"column":53},"end":{"line":23,"column":1}},"line":15},"1":{"name":"(anonymous_1)","decl":{"start":{"line":17,"column":10},"end":{"line":17,"column":11}},"loc":{"start":{"line":17,"column":21},"end":{"line":19,"column":5}},"line":17},"2":{"name":"(anonymous_2)","decl":{"start":{"line":20,"column":11},"end":{"line":20,"column":12}},"loc":{"start":{"line":20,"column":20},"end":{"line":22,"column":5}},"line":20},"3":{"name":"(anonymous_3)","decl":{"start":{"line":25,"column":36},"end":{"line":25,"column":37}},"loc":{"start":{"line":25,"column":56},"end":{"line":56,"column":1}},"line":25},"4":{"name":"(anonymous_4)","decl":{"start":{"line":32,"column":10},"end":{"line":32,"column":11}},"loc":{"start":{"line":32,"column":20},"end":{"line":51,"column":5}},"line":32},"5":{"name":"(anonymous_5)","decl":{"start":{"line":43,"column":8},"end":{"line":43,"column":9}},"loc":{"start":{"line":43,"column":22},"end":{"line":49,"column":9}},"line":43},"6":{"name":"(anonymous_6)","decl":{"start":{"line":52,"column":11},"end":{"line":52,"column":12}},"loc":{"start":{"line":52,"column":20},"end":{"line":55,"column":5}},"line":52},"7":{"name":"(anonymous_7)","decl":{"start":{"line":58,"column":33},"end":{"line":58,"column":34}},"loc":{"start":{"line":58,"column":53},"end":{"line":150,"column":1}},"line":58},"8":{"name":"(anonymous_8)","decl":{"start":{"line":75,"column":29},"end":{"line":75,"column":30}},"loc":{"start":{"line":75,"column":36},"end":{"line":77,"column":5}},"line":75},"9":{"name":"(anonymous_9)","decl":{"start":{"line":79,"column":31},"end":{"line":79,"column":32}},"loc":{"start":{"line":79,"column":38},"end":{"line":81,"column":5}},"line":79},"10":{"name":"(anonymous_10)","decl":{"start":{"line":83,"column":30},"end":{"line":83,"column":31}},"loc":{"start":{"line":83,"column":37},"end":{"line":85,"column":5}},"line":83},"11":{"name":"(anonymous_11)","decl":{"start":{"line":90,"column":63},"end":{"line":90,"column":64}},"loc":{"start":{"line":90,"column":77},"end":{"line":95,"column":5}},"line":90},"12":{"name":"(anonymous_12)","decl":{"start":{"line":102,"column":14},"end":{"line":102,"column":15}},"loc":{"start":{"line":102,"column":20},"end":{"line":105,"column":9}},"line":102},"13":{"name":"(anonymous_13)","decl":{"start":{"line":106,"column":15},"end":{"line":106,"column":16}},"loc":{"start":{"line":106,"column":26},"end":{"line":109,"column":9}},"line":106},"14":{"name":"(anonymous_14)","decl":{"start":{"line":128,"column":15},"end":{"line":128,"column":16}},"loc":{"start":{"line":128,"column":24},"end":{"line":131,"column":9}},"line":128},"15":{"name":"(anonymous_15)","decl":{"start":{"line":135,"column":62},"end":{"line":135,"column":63}},"loc":{"start":{"line":135,"column":71},"end":{"line":138,"column":7}},"line":135},"16":{"name":"(anonymous_16)","decl":{"start":{"line":140,"column":95},"end":{"line":140,"column":96}},"loc":{"start":{"line":140,"column":104},"end":{"line":143,"column":7}},"line":140},"17":{"name":"createVideoEntry","decl":{"start":{"line":152,"column":15},"end":{"line":152,"column":31}},"loc":{"start":{"line":152,"column":42},"end":{"line":158,"column":1}},"line":152},"18":{"name":"(anonymous_18)","decl":{"start":{"line":153,"column":21},"end":{"line":153,"column":22}},"loc":{"start":{"line":153,"column":42},"end":{"line":157,"column":3}},"line":153},"19":{"name":"(anonymous_19)","decl":{"start":{"line":155,"column":12},"end":{"line":155,"column":13}},"loc":{"start":{"line":155,"column":21},"end":{"line":155,"column":33}},"line":155},"20":{"name":"(anonymous_20)","decl":{"start":{"line":156,"column":13},"end":{"line":156,"column":14}},"loc":{"start":{"line":156,"column":22},"end":{"line":156,"column":33}},"line":156},"21":{"name":"(anonymous_21)","decl":{"start":{"line":160,"column":33},"end":{"line":160,"column":34}},"loc":{"start":{"line":160,"column":53},"end":{"line":194,"column":1}},"line":160},"22":{"name":"(anonymous_22)","decl":{"start":{"line":163,"column":29},"end":{"line":163,"column":30}},"loc":{"start":{"line":163,"column":43},"end":{"line":193,"column":3}},"line":163},"23":{"name":"(anonymous_23)","decl":{"start":{"line":179,"column":19},"end":{"line":179,"column":20}},"loc":{"start":{"line":179,"column":28},"end":{"line":190,"column":7}},"line":179},"24":{"name":"(anonymous_24)","decl":{"start":{"line":191,"column":17},"end":{"line":191,"column":18}},"loc":{"start":{"line":191,"column":27},"end":{"line":191,"column":69}},"line":191},"25":{"name":"(anonymous_25)","decl":{"start":{"line":192,"column":20},"end":{"line":192,"column":21}},"loc":{"start":{"line":192,"column":30},"end":{"line":192,"column":74}},"line":192}},"branchMap":{"0":{"loc":{"start":{"line":44,"column":10},"end":{"line":46,"column":11}},"type":"if","locations":[{"start":{"line":44,"column":10},"end":{"line":46,"column":11}},{"start":{"line":44,"column":10},"end":{"line":46,"column":11}}],"line":44},"1":{"loc":{"start":{"line":72,"column":2},"end":{"line":113,"column":3}},"type":"if","locations":[{"start":{"line":72,"column":2},"end":{"line":113,"column":3}},{"start":{"line":72,"column":2},"end":{"line":113,"column":3}}],"line":72},"2":{"loc":{"start":{"line":72,"column":6},"end":{"line":72,"column":27}},"type":"binary-expr","locations":[{"start":{"line":72,"column":6},"end":{"line":72,"column":10}},{"start":{"line":72,"column":14},"end":{"line":72,"column":27}}],"line":72},"3":{"loc":{"start":{"line":91,"column":6},"end":{"line":94,"column":7}},"type":"if","locations":[{"start":{"line":91,"column":6},"end":{"line":94,"column":7}},{"start":{"line":91,"column":6},"end":{"line":94,"column":7}}],"line":91},"4":{"loc":{"start":{"line":97,"column":4},"end":{"line":110,"column":5}},"type":"if","locations":[{"start":{"line":97,"column":4},"end":{"line":110,"column":5}},{"start":{"line":97,"column":4},"end":{"line":110,"column":5}}],"line":97},"5":{"loc":{"start":{"line":115,"column":40},"end":{"line":115,"column":74}},"type":"cond-expr","locations":[{"start":{"line":115,"column":53},"end":{"line":115,"column":70}},{"start":{"line":115,"column":73},"end":{"line":115,"column":74}}],"line":115},"6":{"loc":{"start":{"line":116,"column":18},"end":{"line":116,"column":52}},"type":"cond-expr","locations":[{"start":{"line":116,"column":31},"end":{"line":116,"column":48}},{"start":{"line":116,"column":51},"end":{"line":116,"column":52}}],"line":116},"7":{"loc":{"start":{"line":118,"column":2},"end":{"line":148,"column":3}},"type":"if","locations":[{"start":{"line":118,"column":2},"end":{"line":148,"column":3}},{"start":{"line":118,"column":2},"end":{"line":148,"column":3}}],"line":118},"8":{"loc":{"start":{"line":164,"column":4},"end":{"line":167,"column":5}},"type":"if","locations":[{"start":{"line":164,"column":4},"end":{"line":167,"column":5}},{"start":{"line":164,"column":4},"end":{"line":167,"column":5}}],"line":164}},"s":{"0":2,"1":2,"2":2,"3":2,"4":2,"5":2,"6":2,"7":2,"8":0,"9":2,"10":0,"11":0,"12":0,"13":0,"14":0,"15":0,"16":0,"17":0,"18":0,"19":0,"20":2,"21":0,"22":0,"23":0,"24":0,"25":0,"26":0,"27":0,"28":0,"29":0,"30":0,"31":0,"32":0,"33":0,"34":0,"35":0,"36":0,"37":0,"38":0,"39":0,"40":0,"41":0,"42":0,"43":0,"44":0,"45":0,"46":0,"47":0,"48":0,"49":0,"50":0,"51":0,"52":0,"53":0,"54":0,"55":0,"56":0,"57":0,"58":0,"59":0,"60":0,"61":0,"62":0,"63":0,"64":0,"65":0,"66":0,"67":0,"68":0,"69":0,"70":0,"71":0,"72":0,"73":0,"74":0,"75":0,"76":0,"77":0,"78":2,"79":0,"80":0,"81":0,"82":0,"83":0,"84":0,"85":0,"86":0,"87":0,"88":0},"f":{"0":2,"1":2,"2":0,"3":0,"4":0,"5":0,"6":0,"7":0,"8":0,"9":0,"10":0,"11":0,"12":0,"13":0,"14":0,"15":0,"16":0,"17":0,"18":0,"19":0,"20":0,"21":0,"22":0,"23":0,"24":0,"25":0},"b":{"0":[0,0],"1":[0,0],"2":[0,0],"3":[0,0],"4":[0,0],"5":[0,0],"6":[0,0],"7":[0,0],"8":[0,0]},"_coverageSchema":"1a1c01bbd47fc00a2c39e90264f33305004495a9","hash":"f1b6fd6aac1c9cb27674ae6e86158b16fe934875"}
,"C:\\Users\\Florin Hamann\\Documents\\Development\\youtube-clone\\server\\controller\\socket.controller.js": {"path":"C:\\Users\\Florin Hamann\\Documents\\Development\\youtube-clone\\server\\controller\\socket.controller.js","statementMap":{"0":{"start":{"line":1,"column":8},"end":{"line":1,"column":9}},"1":{"start":{"line":2,"column":22},"end":{"line":7,"column":1}},"2":{"start":{"line":3,"column":17},"end":{"line":3,"column":20}},"3":{"start":{"line":6,"column":2},"end":{"line":6,"column":40}},"4":{"start":{"line":8,"column":8},"end":{"line":8,"column":9}},"5":{"start":{"line":9,"column":23},"end":{"line":14,"column":1}},"6":{"start":{"line":10,"column":17},"end":{"line":10,"column":20}},"7":{"start":{"line":13,"column":2},"end":{"line":13,"column":40}},"8":{"start":{"line":17,"column":0},"end":{"line":33,"column":2}},"9":{"start":{"line":18,"column":13},"end":{"line":18,"column":36}},"10":{"start":{"line":22,"column":2},"end":{"line":24,"column":3}},"11":{"start":{"line":23,"column":4},"end":{"line":23,"column":28}},"12":{"start":{"line":25,"column":2},"end":{"line":25,"column":63}},"13":{"start":{"line":25,"column":31},"end":{"line":25,"column":55}},"14":{"start":{"line":27,"column":2},"end":{"line":29,"column":3}},"15":{"start":{"line":28,"column":4},"end":{"line":28,"column":29}},"16":{"start":{"line":30,"column":2},"end":{"line":30,"column":65}},"17":{"start":{"line":30,"column":32},"end":{"line":30,"column":57}},"18":{"start":{"line":32,"column":2},"end":{"line":32,"column":27}},"19":{"start":{"line":35,"column":18},"end":{"line":39,"column":1}},"20":{"start":{"line":36,"column":2},"end":{"line":38,"column":5}},"21":{"start":{"line":37,"column":4},"end":{"line":37,"column":40}},"22":{"start":{"line":41,"column":21},"end":{"line":46,"column":1}},"23":{"start":{"line":42,"column":2},"end":{"line":45,"column":5}},"24":{"start":{"line":43,"column":4},"end":{"line":43,"column":39}},"25":{"start":{"line":44,"column":4},"end":{"line":44,"column":28}}},"fnMap":{"0":{"name":"(anonymous_0)","decl":{"start":{"line":2,"column":22},"end":{"line":2,"column":23}},"loc":{"start":{"line":2,"column":38},"end":{"line":7,"column":1}},"line":2},"1":{"name":"(anonymous_1)","decl":{"start":{"line":9,"column":23},"end":{"line":9,"column":24}},"loc":{"start":{"line":9,"column":39},"end":{"line":14,"column":1}},"line":9},"2":{"name":"(anonymous_2)","decl":{"start":{"line":17,"column":25},"end":{"line":17,"column":26}},"loc":{"start":{"line":17,"column":45},"end":{"line":33,"column":1}},"line":17},"3":{"name":"(anonymous_3)","decl":{"start":{"line":25,"column":25},"end":{"line":25,"column":26}},"loc":{"start":{"line":25,"column":31},"end":{"line":25,"column":55}},"line":25},"4":{"name":"(anonymous_4)","decl":{"start":{"line":30,"column":26},"end":{"line":30,"column":27}},"loc":{"start":{"line":30,"column":32},"end":{"line":30,"column":57}},"line":30},"5":{"name":"(anonymous_5)","decl":{"start":{"line":35,"column":18},"end":{"line":35,"column":19}},"loc":{"start":{"line":35,"column":26},"end":{"line":39,"column":1}},"line":35},"6":{"name":"(anonymous_6)","decl":{"start":{"line":36,"column":22},"end":{"line":36,"column":23}},"loc":{"start":{"line":36,"column":34},"end":{"line":38,"column":3}},"line":36},"7":{"name":"(anonymous_7)","decl":{"start":{"line":41,"column":21},"end":{"line":41,"column":22}},"loc":{"start":{"line":41,"column":29},"end":{"line":46,"column":1}},"line":41},"8":{"name":"(anonymous_8)","decl":{"start":{"line":42,"column":22},"end":{"line":42,"column":23}},"loc":{"start":{"line":42,"column":28},"end":{"line":45,"column":3}},"line":42}},"branchMap":{"0":{"loc":{"start":{"line":22,"column":2},"end":{"line":24,"column":3}},"type":"if","locations":[{"start":{"line":22,"column":2},"end":{"line":24,"column":3}},{"start":{"line":22,"column":2},"end":{"line":24,"column":3}}],"line":22},"1":{"loc":{"start":{"line":27,"column":2},"end":{"line":29,"column":3}},"type":"if","locations":[{"start":{"line":27,"column":2},"end":{"line":29,"column":3}},{"start":{"line":27,"column":2},"end":{"line":29,"column":3}}],"line":27}},"s":{"0":2,"1":2,"2":0,"3":0,"4":2,"5":2,"6":0,"7":0,"8":2,"9":0,"10":0,"11":0,"12":0,"13":0,"14":0,"15":0,"16":0,"17":0,"18":0,"19":2,"20":0,"21":0,"22":2,"23":0,"24":0,"25":0},"f":{"0":0,"1":0,"2":0,"3":0,"4":0,"5":0,"6":0,"7":0,"8":0},"b":{"0":[0,0],"1":[0,0]},"_coverageSchema":"1a1c01bbd47fc00a2c39e90264f33305004495a9","hash":"681e2385112669a9eebb1e88062c8feed4bc4600"}
,"C:\\Users\\Florin Hamann\\Documents\\Development\\youtube-clone\\server\\controller\\video.controller.js": {"path":"C:\\Users\\Florin Hamann\\Documents\\Development\\youtube-clone\\server\\controller\\video.controller.js","statementMap":{"0":{"start":{"line":1,"column":14},"end":{"line":1,"column":45}},"1":{"start":{"line":2,"column":16},"end":{"line":2,"column":34}},"2":{"start":{"line":3,"column":15},"end":{"line":3,"column":41}},"3":{"start":{"line":4,"column":11},"end":{"line":4,"column":24}},"4":{"start":{"line":6,"column":0},"end":{"line":21,"column":2}},"5":{"start":{"line":7,"column":18},"end":{"line":11,"column":3}},"6":{"start":{"line":13,"column":2},"end":{"line":20,"column":5}},"7":{"start":{"line":14,"column":4},"end":{"line":19,"column":5}},"8":{"start":{"line":15,"column":6},"end":{"line":15,"column":25}},"9":{"start":{"line":16,"column":6},"end":{"line":16,"column":98}},"10":{"start":{"line":18,"column":6},"end":{"line":18,"column":33}},"11":{"start":{"line":23,"column":0},"end":{"line":33,"column":2}},"12":{"start":{"line":24,"column":2},"end":{"line":24,"column":41}},"13":{"start":{"line":25,"column":2},"end":{"line":32,"column":5}},"14":{"start":{"line":26,"column":4},"end":{"line":31,"column":5}},"15":{"start":{"line":27,"column":6},"end":{"line":27,"column":24}},"16":{"start":{"line":28,"column":6},"end":{"line":28,"column":98}},"17":{"start":{"line":30,"column":6},"end":{"line":30,"column":33}},"18":{"start":{"line":35,"column":0},"end":{"line":55,"column":2}},"19":{"start":{"line":36,"column":13},"end":{"line":36,"column":25}},"20":{"start":{"line":37,"column":2},"end":{"line":37,"column":55}},"21":{"start":{"line":37,"column":11},"end":{"line":37,"column":55}},"22":{"start":{"line":39,"column":2},"end":{"line":54,"column":5}},"23":{"start":{"line":40,"column":4},"end":{"line":53,"column":5}},"24":{"start":{"line":41,"column":6},"end":{"line":41,"column":24}},"25":{"start":{"line":42,"column":6},"end":{"line":42,"column":101}},"26":{"start":{"line":44,"column":27},"end":{"line":44,"column":53}},"27":{"start":{"line":45,"column":6},"end":{"line":52,"column":9}},"28":{"start":{"line":46,"column":8},"end":{"line":51,"column":9}},"29":{"start":{"line":47,"column":10},"end":{"line":47,"column":28}},"30":{"start":{"line":48,"column":10},"end":{"line":48,"column":102}},"31":{"start":{"line":50,"column":10},"end":{"line":50,"column":98}},"32":{"start":{"line":57,"column":0},"end":{"line":70,"column":2}},"33":{"start":{"line":58,"column":13},"end":{"line":58,"column":26}},"34":{"start":{"line":59,"column":2},"end":{"line":59,"column":47}},"35":{"start":{"line":60,"column":2},"end":{"line":60,"column":55}},"36":{"start":{"line":60,"column":11},"end":{"line":60,"column":55}},"37":{"start":{"line":62,"column":2},"end":{"line":69,"column":5}},"38":{"start":{"line":63,"column":4},"end":{"line":68,"column":5}},"39":{"start":{"line":64,"column":6},"end":{"line":64,"column":24}},"40":{"start":{"line":65,"column":6},"end":{"line":65,"column":49}},"41":{"start":{"line":67,"column":6},"end":{"line":67,"column":32}},"42":{"start":{"line":72,"column":0},"end":{"line":90,"column":2}},"43":{"start":{"line":73,"column":13},"end":{"line":73,"column":26}},"44":{"start":{"line":74,"column":2},"end":{"line":74,"column":19}},"45":{"start":{"line":75,"column":2},"end":{"line":75,"column":55}},"46":{"start":{"line":75,"column":11},"end":{"line":75,"column":55}},"47":{"start":{"line":77,"column":2},"end":{"line":89,"column":5}},"48":{"start":{"line":78,"column":4},"end":{"line":88,"column":5}},"49":{"start":{"line":79,"column":6},"end":{"line":79,"column":25}},"50":{"start":{"line":80,"column":6},"end":{"line":80,"column":81}},"51":{"start":{"line":82,"column":18},"end":{"line":82,"column":54}},"52":{"start":{"line":83,"column":6},"end":{"line":86,"column":9}},"53":{"start":{"line":87,"column":6},"end":{"line":87,"column":19}},"54":{"start":{"line":92,"column":0},"end":{"line":136,"column":2}},"55":{"start":{"line":93,"column":16},"end":{"line":93,"column":51}},"56":{"start":{"line":95,"column":2},"end":{"line":95,"column":86}},"57":{"start":{"line":95,"column":14},"end":{"line":95,"column":86}},"58":{"start":{"line":97,"column":15},"end":{"line":97,"column":25}},"59":{"start":{"line":99,"column":2},"end":{"line":103,"column":3}},"60":{"start":{"line":100,"column":4},"end":{"line":100,"column":29}},"61":{"start":{"line":102,"column":4},"end":{"line":102,"column":69}},"62":{"start":{"line":104,"column":19},"end":{"line":104,"column":28}},"63":{"start":{"line":105,"column":16},"end":{"line":105,"column":33}},"64":{"start":{"line":107,"column":2},"end":{"line":135,"column":3}},"65":{"start":{"line":108,"column":18},"end":{"line":108,"column":56}},"66":{"start":{"line":109,"column":18},"end":{"line":109,"column":40}},"67":{"start":{"line":110,"column":16},"end":{"line":110,"column":64}},"68":{"start":{"line":112,"column":4},"end":{"line":115,"column":5}},"69":{"start":{"line":113,"column":6},"end":{"line":113,"column":92}},"70":{"start":{"line":114,"column":6},"end":{"line":114,"column":13}},"71":{"start":{"line":117,"column":22},"end":{"line":117,"column":37}},"72":{"start":{"line":118,"column":17},"end":{"line":118,"column":58}},"73":{"start":{"line":119,"column":17},"end":{"line":124,"column":5}},"74":{"start":{"line":126,"column":4},"end":{"line":126,"column":29}},"75":{"start":{"line":127,"column":4},"end":{"line":127,"column":19}},"76":{"start":{"line":129,"column":17},"end":{"line":132,"column":5}},"77":{"start":{"line":133,"column":4},"end":{"line":133,"column":29}},"78":{"start":{"line":134,"column":4},"end":{"line":134,"column":40}}},"fnMap":{"0":{"name":"(anonymous_0)","decl":{"start":{"line":6,"column":28},"end":{"line":6,"column":29}},"loc":{"start":{"line":6,"column":48},"end":{"line":21,"column":1}},"line":6},"1":{"name":"(anonymous_1)","decl":{"start":{"line":13,"column":36},"end":{"line":13,"column":37}},"loc":{"start":{"line":13,"column":51},"end":{"line":20,"column":3}},"line":13},"2":{"name":"(anonymous_2)","decl":{"start":{"line":23,"column":24},"end":{"line":23,"column":25}},"loc":{"start":{"line":23,"column":44},"end":{"line":33,"column":1}},"line":23},"3":{"name":"(anonymous_3)","decl":{"start":{"line":25,"column":29},"end":{"line":25,"column":30}},"loc":{"start":{"line":25,"column":44},"end":{"line":32,"column":3}},"line":25},"4":{"name":"(anonymous_4)","decl":{"start":{"line":35,"column":33},"end":{"line":35,"column":34}},"loc":{"start":{"line":35,"column":53},"end":{"line":55,"column":1}},"line":35},"5":{"name":"(anonymous_5)","decl":{"start":{"line":39,"column":27},"end":{"line":39,"column":28}},"loc":{"start":{"line":39,"column":41},"end":{"line":54,"column":3}},"line":39},"6":{"name":"(anonymous_6)","decl":{"start":{"line":45,"column":95},"end":{"line":45,"column":96}},"loc":{"start":{"line":45,"column":109},"end":{"line":52,"column":7}},"line":45},"7":{"name":"(anonymous_7)","decl":{"start":{"line":57,"column":22},"end":{"line":57,"column":23}},"loc":{"start":{"line":57,"column":42},"end":{"line":70,"column":1}},"line":57},"8":{"name":"(anonymous_8)","decl":{"start":{"line":62,"column":27},"end":{"line":62,"column":28}},"loc":{"start":{"line":62,"column":41},"end":{"line":69,"column":3}},"line":62},"9":{"name":"(anonymous_9)","decl":{"start":{"line":72,"column":27},"end":{"line":72,"column":28}},"loc":{"start":{"line":72,"column":47},"end":{"line":90,"column":1}},"line":72},"10":{"name":"(anonymous_10)","decl":{"start":{"line":77,"column":35},"end":{"line":77,"column":36}},"loc":{"start":{"line":77,"column":49},"end":{"line":89,"column":3}},"line":77},"11":{"name":"(anonymous_11)","decl":{"start":{"line":92,"column":24},"end":{"line":92,"column":25}},"loc":{"start":{"line":92,"column":44},"end":{"line":136,"column":1}},"line":92}},"branchMap":{"0":{"loc":{"start":{"line":14,"column":4},"end":{"line":19,"column":5}},"type":"if","locations":[{"start":{"line":14,"column":4},"end":{"line":19,"column":5}},{"start":{"line":14,"column":4},"end":{"line":19,"column":5}}],"line":14},"1":{"loc":{"start":{"line":26,"column":4},"end":{"line":31,"column":5}},"type":"if","locations":[{"start":{"line":26,"column":4},"end":{"line":31,"column":5}},{"start":{"line":26,"column":4},"end":{"line":31,"column":5}}],"line":26},"2":{"loc":{"start":{"line":37,"column":2},"end":{"line":37,"column":55}},"type":"if","locations":[{"start":{"line":37,"column":2},"end":{"line":37,"column":55}},{"start":{"line":37,"column":2},"end":{"line":37,"column":55}}],"line":37},"3":{"loc":{"start":{"line":40,"column":4},"end":{"line":53,"column":5}},"type":"if","locations":[{"start":{"line":40,"column":4},"end":{"line":53,"column":5}},{"start":{"line":40,"column":4},"end":{"line":53,"column":5}}],"line":40},"4":{"loc":{"start":{"line":46,"column":8},"end":{"line":51,"column":9}},"type":"if","locations":[{"start":{"line":46,"column":8},"end":{"line":51,"column":9}},{"start":{"line":46,"column":8},"end":{"line":51,"column":9}}],"line":46},"5":{"loc":{"start":{"line":60,"column":2},"end":{"line":60,"column":55}},"type":"if","locations":[{"start":{"line":60,"column":2},"end":{"line":60,"column":55}},{"start":{"line":60,"column":2},"end":{"line":60,"column":55}}],"line":60},"6":{"loc":{"start":{"line":63,"column":4},"end":{"line":68,"column":5}},"type":"if","locations":[{"start":{"line":63,"column":4},"end":{"line":68,"column":5}},{"start":{"line":63,"column":4},"end":{"line":68,"column":5}}],"line":63},"7":{"loc":{"start":{"line":75,"column":2},"end":{"line":75,"column":55}},"type":"if","locations":[{"start":{"line":75,"column":2},"end":{"line":75,"column":55}},{"start":{"line":75,"column":2},"end":{"line":75,"column":55}}],"line":75},"8":{"loc":{"start":{"line":78,"column":4},"end":{"line":88,"column":5}},"type":"if","locations":[{"start":{"line":78,"column":4},"end":{"line":88,"column":5}},{"start":{"line":78,"column":4},"end":{"line":88,"column":5}}],"line":78},"9":{"loc":{"start":{"line":95,"column":2},"end":{"line":95,"column":86}},"type":"if","locations":[{"start":{"line":95,"column":2},"end":{"line":95,"column":86}},{"start":{"line":95,"column":2},"end":{"line":95,"column":86}}],"line":95},"10":{"loc":{"start":{"line":107,"column":2},"end":{"line":135,"column":3}},"type":"if","locations":[{"start":{"line":107,"column":2},"end":{"line":135,"column":3}},{"start":{"line":107,"column":2},"end":{"line":135,"column":3}}],"line":107},"11":{"loc":{"start":{"line":110,"column":16},"end":{"line":110,"column":64}},"type":"cond-expr","locations":[{"start":{"line":110,"column":27},"end":{"line":110,"column":49}},{"start":{"line":110,"column":52},"end":{"line":110,"column":64}}],"line":110},"12":{"loc":{"start":{"line":112,"column":4},"end":{"line":115,"column":5}},"type":"if","locations":[{"start":{"line":112,"column":4},"end":{"line":115,"column":5}},{"start":{"line":112,"column":4},"end":{"line":115,"column":5}}],"line":112}},"s":{"0":2,"1":2,"2":2,"3":2,"4":2,"5":1,"6":1,"7":1,"8":0,"9":0,"10":1,"11":2,"12":0,"13":0,"14":0,"15":0,"16":0,"17":0,"18":2,"19":4,"20":4,"21":1,"22":3,"23":3,"24":2,"25":2,"26":1,"27":1,"28":1,"29":0,"30":0,"31":1,"32":2,"33":5,"34":5,"35":5,"36":0,"37":5,"38":5,"39":2,"40":2,"41":3,"42":2,"43":0,"44":0,"45":0,"46":0,"47":0,"48":0,"49":0,"50":0,"51":0,"52":0,"53":0,"54":2,"55":0,"56":0,"57":0,"58":0,"59":0,"60":0,"61":0,"62":0,"63":0,"64":0,"65":0,"66":0,"67":0,"68":0,"69":0,"70":0,"71":0,"72":0,"73":0,"74":0,"75":0,"76":0,"77":0,"78":0},"f":{"0":1,"1":1,"2":0,"3":0,"4":4,"5":3,"6":1,"7":5,"8":5,"9":0,"10":0,"11":0},"b":{"0":[0,1],"1":[0,0],"2":[1,3],"3":[2,1],"4":[0,1],"5":[0,5],"6":[2,3],"7":[0,0],"8":[0,0],"9":[0,0],"10":[0,0],"11":[0,0],"12":[0,0]},"_coverageSchema":"1a1c01bbd47fc00a2c39e90264f33305004495a9","hash":"74b7ee54ced4993e5e4d4aa294826384a1fe3865"}
,"C:\\Users\\Florin Hamann\\Documents\\Development\\youtube-clone\\server\\model\\settings.model.js": {"path":"C:\\Users\\Florin Hamann\\Documents\\Development\\youtube-clone\\server\\model\\settings.model.js","statementMap":{"0":{"start":{"line":1,"column":17},"end":{"line":1,"column":36}},"1":{"start":{"line":3,"column":23},"end":{"line":17,"column":1}},"2":{"start":{"line":19,"column":28},"end":{"line":28,"column":2}},"3":{"start":{"line":30,"column":17},"end":{"line":30,"column":59}},"4":{"start":{"line":31,"column":22},"end":{"line":31,"column":65}},"5":{"start":{"line":33,"column":0},"end":{"line":33,"column":45}}},"fnMap":{},"branchMap":{},"s":{"0":2,"1":2,"2":2,"3":2,"4":2,"5":2},"f":{},"b":{},"_coverageSchema":"1a1c01bbd47fc00a2c39e90264f33305004495a9","hash":"051c2046e2e6d8951c245c7db623863fe18c5f5c"}
,"C:\\Users\\Florin Hamann\\Documents\\Development\\youtube-clone\\server\\model\\video.model.js": {"path":"C:\\Users\\Florin Hamann\\Documents\\Development\\youtube-clone\\server\\model\\video.model.js","statementMap":{"0":{"start":{"line":1,"column":17},"end":{"line":1,"column":36}},"1":{"start":{"line":2,"column":25},"end":{"line":2,"column":56}},"2":{"start":{"line":4,"column":20},"end":{"line":21,"column":2}},"3":{"start":{"line":23,"column":0},"end":{"line":23,"column":37}},"4":{"start":{"line":25,"column":14},"end":{"line":25,"column":51}},"5":{"start":{"line":27,"column":0},"end":{"line":27,"column":23}}},"fnMap":{},"branchMap":{},"s":{"0":2,"1":2,"2":2,"3":2,"4":2,"5":2},"f":{},"b":{},"_coverageSchema":"1a1c01bbd47fc00a2c39e90264f33305004495a9","hash":"c780d2f66765a951f1ddb702a026960c38c83e18"}
,"C:\\Users\\Florin Hamann\\Documents\\Development\\youtube-clone\\server\\tests\\__testData__\\directories.js": {"path":"C:\\Users\\Florin Hamann\\Documents\\Development\\youtube-clone\\server\\tests\\__testData__\\directories.js","statementMap":{"0":{"start":{"line":1,"column":35},"end":{"line":4,"column":1}},"1":{"start":{"line":6,"column":25},"end":{"line":32,"column":1}},"2":{"start":{"line":34,"column":0},"end":{"line":37,"column":2}}},"fnMap":{},"branchMap":{},"s":{"0":1,"1":1,"2":1},"f":{},"b":{},"_coverageSchema":"1a1c01bbd47fc00a2c39e90264f33305004495a9","hash":"e908ad45a75125776e823e80549d929a0a75aaea"}
,"C:\\Users\\Florin Hamann\\Documents\\Development\\youtube-clone\\server\\tests\\__testData__\\videos.js": {"path":"C:\\Users\\Florin Hamann\\Documents\\Development\\youtube-clone\\server\\tests\\__testData__\\videos.js","statementMap":{"0":{"start":{"line":1,"column":15},"end":{"line":36,"column":1}},"1":{"start":{"line":38,"column":0},"end":{"line":38,"column":23}}},"fnMap":{},"branchMap":{},"s":{"0":2,"1":2},"f":{},"b":{},"_coverageSchema":"1a1c01bbd47fc00a2c39e90264f33305004495a9","hash":"ee9dc2ff7d0d2ce9927152c149f06c72c9e54626"}
,"C:\\Users\\Florin Hamann\\Documents\\Development\\youtube-clone\\server\\utils\\dateTime.js": {"path":"C:\\Users\\Florin Hamann\\Documents\\Development\\youtube-clone\\server\\utils\\dateTime.js","statementMap":{"0":{"start":{"line":1,"column":0},"end":{"line":26,"column":1}},"1":{"start":{"line":2,"column":15},"end":{"line":2,"column":25}},"2":{"start":{"line":3,"column":16},"end":{"line":3,"column":33}},"3":{"start":{"line":4,"column":17},"end":{"line":4,"column":35}},"4":{"start":{"line":5,"column":15},"end":{"line":5,"column":28}},"5":{"start":{"line":6,"column":16},"end":{"line":6,"column":30}},"6":{"start":{"line":7,"column":18},"end":{"line":7,"column":34}},"7":{"start":{"line":8,"column":18},"end":{"line":8,"column":34}},"8":{"start":{"line":9,"column":5},"end":{"line":11,"column":6}},"9":{"start":{"line":10,"column":10},"end":{"line":10,"column":30}},"10":{"start":{"line":12,"column":5},"end":{"line":14,"column":6}},"11":{"start":{"line":13,"column":10},"end":{"line":13,"column":26}},"12":{"start":{"line":15,"column":5},"end":{"line":17,"column":6}},"13":{"start":{"line":16,"column":10},"end":{"line":16,"column":28}},"14":{"start":{"line":18,"column":5},"end":{"line":20,"column":6}},"15":{"start":{"line":19,"column":10},"end":{"line":19,"column":32}},"16":{"start":{"line":21,"column":5},"end":{"line":23,"column":6}},"17":{"start":{"line":22,"column":10},"end":{"line":22,"column":32}},"18":{"start":{"line":24,"column":20},"end":{"line":24,"column":93}},"19":{"start":{"line":25,"column":5},"end":{"line":25,"column":21}}},"fnMap":{"0":{"name":"(anonymous_0)","decl":{"start":{"line":1,"column":31},"end":{"line":1,"column":32}},"loc":{"start":{"line":1,"column":37},"end":{"line":26,"column":1}},"line":1}},"branchMap":{"0":{"loc":{"start":{"line":9,"column":5},"end":{"line":11,"column":6}},"type":"if","locations":[{"start":{"line":9,"column":5},"end":{"line":11,"column":6}},{"start":{"line":9,"column":5},"end":{"line":11,"column":6}}],"line":9},"1":{"loc":{"start":{"line":12,"column":5},"end":{"line":14,"column":6}},"type":"if","locations":[{"start":{"line":12,"column":5},"end":{"line":14,"column":6}},{"start":{"line":12,"column":5},"end":{"line":14,"column":6}}],"line":12},"2":{"loc":{"start":{"line":15,"column":5},"end":{"line":17,"column":6}},"type":"if","locations":[{"start":{"line":15,"column":5},"end":{"line":17,"column":6}},{"start":{"line":15,"column":5},"end":{"line":17,"column":6}}],"line":15},"3":{"loc":{"start":{"line":18,"column":5},"end":{"line":20,"column":6}},"type":"if","locations":[{"start":{"line":18,"column":5},"end":{"line":20,"column":6}},{"start":{"line":18,"column":5},"end":{"line":20,"column":6}}],"line":18},"4":{"loc":{"start":{"line":21,"column":5},"end":{"line":23,"column":6}},"type":"if","locations":[{"start":{"line":21,"column":5},"end":{"line":23,"column":6}},{"start":{"line":21,"column":5},"end":{"line":23,"column":6}}],"line":21}},"s":{"0":2,"1":0,"2":0,"3":0,"4":0,"5":0,"6":0,"7":0,"8":0,"9":0,"10":0,"11":0,"12":0,"13":0,"14":0,"15":0,"16":0,"17":0,"18":0,"19":0},"f":{"0":0},"b":{"0":[0,0],"1":[0,0],"2":[0,0],"3":[0,0],"4":[0,0]},"_coverageSchema":"1a1c01bbd47fc00a2c39e90264f33305004495a9","hash":"c9e700b85e80c782413239dd7188390e3086299f"}
,"C:\\Users\\Florin Hamann\\Documents\\Development\\youtube-clone\\server\\utils\\logger.js": {"path":"C:\\Users\\Florin Hamann\\Documents\\Development\\youtube-clone\\server\\utils\\logger.js","statementMap":{"0":{"start":{"line":1,"column":45},"end":{"line":1,"column":63}},"1":{"start":{"line":2,"column":33},"end":{"line":2,"column":70}},"2":{"start":{"line":3,"column":46},"end":{"line":3,"column":52}},"3":{"start":{"line":4,"column":15},"end":{"line":4,"column":35}},"4":{"start":{"line":6,"column":0},"end":{"line":6,"column":27}},"5":{"start":{"line":7,"column":0},"end":{"line":7,"column":37}},"6":{"start":{"line":9,"column":19},"end":{"line":11,"column":2}},"7":{"start":{"line":10,"column":2},"end":{"line":10,"column":56}},"8":{"start":{"line":13,"column":20},"end":{"line":16,"column":2}},"9":{"start":{"line":14,"column":14},"end":{"line":14,"column":53}},"10":{"start":{"line":15,"column":2},"end":{"line":15,"column":52}},"11":{"start":{"line":18,"column":26},"end":{"line":33,"column":1}},"12":{"start":{"line":19,"column":2},"end":{"line":32,"column":4}},"13":{"start":{"line":35,"column":28},"end":{"line":44,"column":1}},"14":{"start":{"line":36,"column":2},"end":{"line":43,"column":4}},"15":{"start":{"line":46,"column":25},"end":{"line":58,"column":1}},"16":{"start":{"line":47,"column":2},"end":{"line":57,"column":4}},"17":{"start":{"line":60,"column":14},"end":{"line":72,"column":2}},"18":{"start":{"line":74,"column":13},"end":{"line":86,"column":2}},"19":{"start":{"line":88,"column":13},"end":{"line":100,"column":2}},"20":{"start":{"line":102,"column":14},"end":{"line":123,"column":2}},"21":{"start":{"line":125,"column":0},"end":{"line":133,"column":1}},"22":{"start":{"line":126,"column":2},"end":{"line":132,"column":3}},"23":{"start":{"line":135,"column":21},"end":{"line":137,"column":1}},"24":{"start":{"line":136,"column":2},"end":{"line":136,"column":72}},"25":{"start":{"line":139,"column":15},"end":{"line":152,"column":1}},"26":{"start":{"line":141,"column":4},"end":{"line":141,"column":39}},"27":{"start":{"line":144,"column":4},"end":{"line":144,"column":37}},"28":{"start":{"line":147,"column":4},"end":{"line":147,"column":19}},"29":{"start":{"line":150,"column":4},"end":{"line":150,"column":54}},"30":{"start":{"line":154,"column":0},"end":{"line":154,"column":24}}},"fnMap":{"0":{"name":"(anonymous_0)","decl":{"start":{"line":9,"column":26},"end":{"line":9,"column":27}},"loc":{"start":{"line":9,"column":68},"end":{"line":11,"column":1}},"line":9},"1":{"name":"(anonymous_1)","decl":{"start":{"line":13,"column":27},"end":{"line":13,"column":28}},"loc":{"start":{"line":13,"column":69},"end":{"line":16,"column":1}},"line":13},"2":{"name":"(anonymous_2)","decl":{"start":{"line":18,"column":26},"end":{"line":18,"column":27}},"loc":{"start":{"line":18,"column":32},"end":{"line":33,"column":1}},"line":18},"3":{"name":"(anonymous_3)","decl":{"start":{"line":35,"column":28},"end":{"line":35,"column":29}},"loc":{"start":{"line":35,"column":50},"end":{"line":44,"column":1}},"line":35},"4":{"name":"(anonymous_4)","decl":{"start":{"line":46,"column":25},"end":{"line":46,"column":26}},"loc":{"start":{"line":46,"column":31},"end":{"line":58,"column":1}},"line":46},"5":{"name":"(anonymous_5)","decl":{"start":{"line":135,"column":21},"end":{"line":135,"column":22}},"loc":{"start":{"line":135,"column":27},"end":{"line":137,"column":1}},"line":135},"6":{"name":"(anonymous_6)","decl":{"start":{"line":140,"column":9},"end":{"line":140,"column":10}},"loc":{"start":{"line":140,"column":24},"end":{"line":142,"column":3}},"line":140},"7":{"name":"(anonymous_7)","decl":{"start":{"line":143,"column":8},"end":{"line":143,"column":9}},"loc":{"start":{"line":143,"column":23},"end":{"line":145,"column":3}},"line":143},"8":{"name":"(anonymous_8)","decl":{"start":{"line":146,"column":8},"end":{"line":146,"column":9}},"loc":{"start":{"line":146,"column":23},"end":{"line":148,"column":3}},"line":146},"9":{"name":"(anonymous_9)","decl":{"start":{"line":149,"column":9},"end":{"line":149,"column":10}},"loc":{"start":{"line":149,"column":24},"end":{"line":151,"column":3}},"line":149}},"branchMap":{"0":{"loc":{"start":{"line":14,"column":14},"end":{"line":14,"column":53}},"type":"cond-expr","locations":[{"start":{"line":14,"column":30},"end":{"line":14,"column":43}},{"start":{"line":14,"column":46},"end":{"line":14,"column":53}}],"line":14},"1":{"loc":{"start":{"line":125,"column":0},"end":{"line":133,"column":1}},"type":"if","locations":[{"start":{"line":125,"column":0},"end":{"line":133,"column":1}},{"start":{"line":125,"column":0},"end":{"line":133,"column":1}}],"line":125},"2":{"loc":{"start":{"line":136,"column":9},"end":{"line":136,"column":71}},"type":"binary-expr","locations":[{"start":{"line":136,"column":9},"end":{"line":136,"column":38}},{"start":{"line":136,"column":42},"end":{"line":136,"column":71}}],"line":136},"3":{"loc":{"start":{"line":141,"column":4},"end":{"line":141,"column":38}},"type":"binary-expr","locations":[{"start":{"line":141,"column":4},"end":{"line":141,"column":18}},{"start":{"line":141,"column":22},"end":{"line":141,"column":38}}],"line":141},"4":{"loc":{"start":{"line":144,"column":4},"end":{"line":144,"column":36}},"type":"binary-expr","locations":[{"start":{"line":144,"column":4},"end":{"line":144,"column":18}},{"start":{"line":144,"column":22},"end":{"line":144,"column":36}}],"line":144},"5":{"loc":{"start":{"line":150,"column":4},"end":{"line":150,"column":53}},"type":"binary-expr","locations":[{"start":{"line":150,"column":4},"end":{"line":150,"column":33}},{"start":{"line":150,"column":37},"end":{"line":150,"column":53}}],"line":150}},"s":{"0":2,"1":2,"2":2,"3":2,"4":2,"5":2,"6":2,"7":0,"8":2,"9":0,"10":0,"11":2,"12":8,"13":2,"14":6,"15":2,"16":6,"17":2,"18":2,"19":2,"20":2,"21":2,"22":0,"23":2,"24":7,"25":2,"26":5,"27":2,"28":0,"29":8,"30":2},"f":{"0":0,"1":0,"2":8,"3":6,"4":6,"5":7,"6":5,"7":2,"8":0,"9":8},"b":{"0":[0,0],"1":[0,2],"2":[7,7],"3":[5,0],"4":[2,0],"5":[8,0]},"_coverageSchema":"1a1c01bbd47fc00a2c39e90264f33305004495a9","hash":"67f7cd3100268f4e0319efef6001472b48a00ee3"}
,"C:\\Users\\Florin Hamann\\Documents\\Development\\youtube-clone\\server\\utils\\video.scanner.js": {"path":"C:\\Users\\Florin Hamann\\Documents\\Development\\youtube-clone\\server\\utils\\video.scanner.js","statementMap":{"0":{"start":{"line":1,"column":11},"end":{"line":1,"column":24}},"1":{"start":{"line":2,"column":13},"end":{"line":2,"column":28}},"2":{"start":{"line":3,"column":15},"end":{"line":3,"column":34}},"3":{"start":{"line":4,"column":38},"end":{"line":4,"column":67}},"4":{"start":{"line":5,"column":17},"end":{"line":5,"column":37}},"5":{"start":{"line":6,"column":14},"end":{"line":6,"column":35}},"6":{"start":{"line":7,"column":13},"end":{"line":7,"column":28}},"7":{"start":{"line":9,"column":16},"end":{"line":11,"column":1}},"8":{"start":{"line":10,"column":2},"end":{"line":10,"column":25}},"9":{"start":{"line":13,"column":16},"end":{"line":15,"column":1}},"10":{"start":{"line":14,"column":2},"end":{"line":14,"column":25}},"11":{"start":{"line":17,"column":0},"end":{"line":39,"column":2}},"12":{"start":{"line":18,"column":2},"end":{"line":38,"column":5}},"13":{"start":{"line":19,"column":4},"end":{"line":19,"column":58}},"14":{"start":{"line":20,"column":22},"end":{"line":20,"column":41}},"15":{"start":{"line":21,"column":22},"end":{"line":21,"column":41}},"16":{"start":{"line":23,"column":20},"end":{"line":30,"column":5}},"17":{"start":{"line":32,"column":4},"end":{"line":37,"column":35}},"18":{"start":{"line":35,"column":8},"end":{"line":35,"column":22}},"19":{"start":{"line":37,"column":22},"end":{"line":37,"column":33}},"20":{"start":{"line":41,"column":0},"end":{"line":73,"column":2}},"21":{"start":{"line":42,"column":2},"end":{"line":72,"column":5}},"22":{"start":{"line":43,"column":4},"end":{"line":71,"column":5}},"23":{"start":{"line":44,"column":19},"end":{"line":44,"column":38}},"24":{"start":{"line":45,"column":20},"end":{"line":45,"column":37}},"25":{"start":{"line":46,"column":22},"end":{"line":46,"column":40}},"26":{"start":{"line":47,"column":23},"end":{"line":47,"column":52}},"27":{"start":{"line":49,"column":19},"end":{"line":65,"column":7}},"28":{"start":{"line":67,"column":6},"end":{"line":67,"column":20}},"29":{"start":{"line":69,"column":6},"end":{"line":69,"column":75}},"30":{"start":{"line":70,"column":6},"end":{"line":70,"column":20}},"31":{"start":{"line":76,"column":2},"end":{"line":97,"column":5}},"32":{"start":{"line":77,"column":19},"end":{"line":77,"column":44}},"33":{"start":{"line":78,"column":16},"end":{"line":78,"column":50}},"34":{"start":{"line":80,"column":21},"end":{"line":80,"column":35}},"35":{"start":{"line":81,"column":4},"end":{"line":81,"column":36}},"36":{"start":{"line":83,"column":4},"end":{"line":83,"column":66}},"37":{"start":{"line":85,"column":4},"end":{"line":96,"column":9}},"38":{"start":{"line":89,"column":21},"end":{"line":89,"column":33}},"39":{"start":{"line":91,"column":8},"end":{"line":91,"column":70}},"40":{"start":{"line":92,"column":8},"end":{"line":92,"column":43}},"41":{"start":{"line":95,"column":8},"end":{"line":95,"column":20}},"42":{"start":{"line":101,"column":2},"end":{"line":105,"column":3}},"43":{"start":{"line":102,"column":4},"end":{"line":102,"column":49}},"44":{"start":{"line":104,"column":4},"end":{"line":104,"column":13}}},"fnMap":{"0":{"name":"(anonymous_0)","decl":{"start":{"line":9,"column":16},"end":{"line":9,"column":17}},"loc":{"start":{"line":9,"column":29},"end":{"line":11,"column":1}},"line":9},"1":{"name":"(anonymous_1)","decl":{"start":{"line":13,"column":16},"end":{"line":13,"column":17}},"loc":{"start":{"line":13,"column":29},"end":{"line":15,"column":1}},"line":13},"2":{"name":"(anonymous_2)","decl":{"start":{"line":17,"column":39},"end":{"line":17,"column":40}},"loc":{"start":{"line":17,"column":67},"end":{"line":39,"column":1}},"line":17},"3":{"name":"(anonymous_3)","decl":{"start":{"line":18,"column":21},"end":{"line":18,"column":22}},"loc":{"start":{"line":18,"column":48},"end":{"line":38,"column":3}},"line":18},"4":{"name":"(anonymous_4)","decl":{"start":{"line":34,"column":12},"end":{"line":34,"column":13}},"loc":{"start":{"line":34,"column":28},"end":{"line":36,"column":7}},"line":34},"5":{"name":"(anonymous_5)","decl":{"start":{"line":37,"column":13},"end":{"line":37,"column":14}},"loc":{"start":{"line":37,"column":22},"end":{"line":37,"column":33}},"line":37},"6":{"name":"(anonymous_6)","decl":{"start":{"line":41,"column":39},"end":{"line":41,"column":40}},"loc":{"start":{"line":41,"column":58},"end":{"line":73,"column":1}},"line":41},"7":{"name":"(anonymous_7)","decl":{"start":{"line":42,"column":21},"end":{"line":42,"column":22}},"loc":{"start":{"line":42,"column":48},"end":{"line":72,"column":3}},"line":42},"8":{"name":"getThumbnail","decl":{"start":{"line":75,"column":15},"end":{"line":75,"column":27}},"loc":{"start":{"line":75,"column":44},"end":{"line":98,"column":1}},"line":75},"9":{"name":"(anonymous_9)","decl":{"start":{"line":76,"column":21},"end":{"line":76,"column":22}},"loc":{"start":{"line":76,"column":48},"end":{"line":97,"column":3}},"line":76},"10":{"name":"(anonymous_10)","decl":{"start":{"line":89,"column":12},"end":{"line":89,"column":13}},"loc":{"start":{"line":89,"column":21},"end":{"line":89,"column":33}},"line":89},"11":{"name":"(anonymous_11)","decl":{"start":{"line":90,"column":12},"end":{"line":90,"column":13}},"loc":{"start":{"line":90,"column":24},"end":{"line":93,"column":7}},"line":90},"12":{"name":"(anonymous_12)","decl":{"start":{"line":94,"column":13},"end":{"line":94,"column":14}},"loc":{"start":{"line":94,"column":22},"end":{"line":96,"column":7}},"line":94},"13":{"name":"getVideoDuration","decl":{"start":{"line":100,"column":15},"end":{"line":100,"column":31}},"loc":{"start":{"line":100,"column":38},"end":{"line":106,"column":1}},"line":100}},"branchMap":{},"s":{"0":2,"1":2,"2":2,"3":2,"4":2,"5":2,"6":2,"7":2,"8":0,"9":2,"10":0,"11":2,"12":0,"13":0,"14":0,"15":0,"16":0,"17":0,"18":0,"19":0,"20":2,"21":0,"22":0,"23":0,"24":0,"25":0,"26":0,"27":0,"28":0,"29":0,"30":0,"31":0,"32":0,"33":0,"34":0,"35":0,"36":0,"37":0,"38":0,"39":0,"40":0,"41":0,"42":0,"43":0,"44":0},"f":{"0":0,"1":0,"2":0,"3":0,"4":0,"5":0,"6":0,"7":0,"8":0,"9":0,"10":0,"11":0,"12":0,"13":0},"b":{},"_coverageSchema":"1a1c01bbd47fc00a2c39e90264f33305004495a9","hash":"d4f462ba9e9e9481caafd3821ecc360c74d52a75"}
}
