TN:
SF:app.js
FN:28,(anonymous_0)
FNF:1
FNH:0
FNDA:0,(anonymous_0)
DA:1,2
DA:2,2
DA:3,2
DA:4,2
DA:5,2
DA:6,2
DA:8,2
DA:10,2
DA:12,2
DA:14,2
DA:16,2
DA:18,2
DA:20,2
DA:21,2
DA:22,2
DA:24,2
DA:25,2
DA:28,2
DA:29,0
DA:34,2
DA:36,2
DA:37,2
DA:39,2
LF:23
LH:22
BRDA:24,0,0,2
BRDA:24,0,1,0
BRF:2
BRH:1
end_of_record
TN:
SF:config.js
FN:8,(anonymous_0)
FNF:1
FNH:1
FNDA:2,(anonymous_0)
DA:3,2
DA:5,2
DA:6,2
DA:8,2
DA:9,2
DA:11,0
DA:13,0
DA:15,2
DA:17,0
DA:21,2
LF:10
LH:7
BRDA:6,0,0,0
BRDA:6,0,1,2
BRDA:9,1,0,0
BRDA:9,1,1,0
BRDA:9,1,2,2
BRDA:9,1,3,0
BRF:6
BRH:2
end_of_record
TN:
SF:database.js
FN:9,(anonymous_0)
FN:13,(anonymous_1)
FN:17,(anonymous_2)
FN:22,connect
FN:23,(anonymous_4)
FN:30,(anonymous_5)
FN:31,(anonymous_6)
FNF:7
FNH:4
FNDA:2,(anonymous_0)
FNDA:0,(anonymous_1)
FNDA:0,(anonymous_2)
FNDA:2,connect
FNDA:2,(anonymous_4)
FNDA:2,(anonymous_5)
FNDA:0,(anonymous_6)
DA:1,2
DA:2,2
DA:4,2
DA:5,2
DA:7,2
DA:9,2
DA:10,2
DA:13,2
DA:14,0
DA:17,2
DA:18,0
DA:19,0
DA:23,2
DA:24,2
DA:30,2
DA:31,0
DA:35,2
LF:17
LH:13
BRF:0
BRH:0
end_of_record
TN:
SF:middlewares.js
FN:4,notFound
FN:11,errorHandler
FNF:2
FNH:1
FNDA:0,notFound
FNDA:4,errorHandler
DA:1,2
DA:2,2
DA:5,0
DA:6,0
DA:7,0
DA:13,4
DA:14,4
DA:16,4
DA:28,4
DA:30,4
DA:36,2
LF:11
LH:8
BRDA:13,0,0,4
BRDA:13,0,1,0
BRDA:32,1,0,0
BRDA:32,1,1,4
BRF:4
BRH:2
end_of_record
TN:
SF:api\index.js
FN:8,(anonymous_0)
FNF:1
FNH:0
FNDA:0,(anonymous_0)
DA:1,2
DA:2,2
DA:3,2
DA:4,2
DA:6,2
DA:8,2
DA:9,0
DA:14,2
DA:15,2
DA:16,2
DA:18,2
LF:11
LH:10
BRF:0
BRH:0
end_of_record
TN:
SF:api\settings.video.js
FNF:0
FNH:0
DA:1,2
DA:2,2
DA:3,2
DA:5,2
DA:7,2
DA:8,2
DA:9,2
DA:10,2
DA:14,2
DA:16,2
LF:10
LH:10
BRF:0
BRH:0
end_of_record
TN:
SF:api\socket.js
FNF:0
FNH:0
DA:1,2
DA:2,2
DA:3,2
DA:5,2
DA:7,2
DA:9,2
LF:6
LH:6
BRF:0
BRH:0
end_of_record
TN:
SF:api\videos.js
FNF:0
FNH:0
DA:1,2
DA:2,2
DA:3,2
DA:5,2
DA:7,2
DA:8,2
DA:9,2
DA:10,2
DA:11,2
DA:12,2
DA:14,2
LF:11
LH:11
BRF:0
BRH:0
end_of_record
TN:
SF:controller\settings.video.controller.js
FN:15,(anonymous_0)
FN:17,(anonymous_1)
FN:20,(anonymous_2)
FN:25,(anonymous_3)
FN:32,(anonymous_4)
FN:43,(anonymous_5)
FN:52,(anonymous_6)
FN:58,(anonymous_7)
FN:75,(anonymous_8)
FN:79,(anonymous_9)
FN:83,(anonymous_10)
FN:90,(anonymous_11)
FN:102,(anonymous_12)
FN:106,(anonymous_13)
FN:128,(anonymous_14)
FN:135,(anonymous_15)
FN:140,(anonymous_16)
FN:152,createVideoEntry
FN:153,(anonymous_18)
FN:155,(anonymous_19)
FN:156,(anonymous_20)
FN:160,(anonymous_21)
FN:163,(anonymous_22)
FN:179,(anonymous_23)
FN:191,(anonymous_24)
FN:192,(anonymous_25)
FNF:26
FNH:2
FNDA:2,(anonymous_0)
FNDA:2,(anonymous_1)
FNDA:0,(anonymous_2)
FNDA:0,(anonymous_3)
FNDA:0,(anonymous_4)
FNDA:0,(anonymous_5)
FNDA:0,(anonymous_6)
FNDA:0,(anonymous_7)
FNDA:0,(anonymous_8)
FNDA:0,(anonymous_9)
FNDA:0,(anonymous_10)
FNDA:0,(anonymous_11)
FNDA:0,(anonymous_12)
FNDA:0,(anonymous_13)
FNDA:0,(anonymous_14)
FNDA:0,(anonymous_15)
FNDA:0,(anonymous_16)
FNDA:0,createVideoEntry
FNDA:0,(anonymous_18)
FNDA:0,(anonymous_19)
FNDA:0,(anonymous_20)
FNDA:0,(anonymous_21)
FNDA:0,(anonymous_22)
FNDA:0,(anonymous_23)
FNDA:0,(anonymous_24)
FNDA:0,(anonymous_25)
DA:1,2
DA:2,2
DA:4,2
DA:6,2
DA:7,2
DA:15,2
DA:16,2
DA:18,2
DA:21,0
DA:25,2
DA:26,0
DA:28,0
DA:30,0
DA:33,0
DA:44,0
DA:45,0
DA:47,0
DA:48,0
DA:53,0
DA:54,0
DA:58,2
DA:59,0
DA:61,0
DA:62,0
DA:64,0
DA:66,0
DA:68,0
DA:69,0
DA:70,0
DA:71,0
DA:72,0
DA:73,0
DA:75,0
DA:76,0
DA:79,0
DA:80,0
DA:83,0
DA:84,0
DA:87,0
DA:88,0
DA:90,0
DA:91,0
DA:92,0
DA:93,0
DA:97,0
DA:98,0
DA:99,0
DA:101,0
DA:103,0
DA:104,0
DA:107,0
DA:108,0
DA:112,0
DA:115,0
DA:116,0
DA:118,0
DA:119,0
DA:120,0
DA:121,0
DA:122,0
DA:123,0
DA:125,0
DA:129,0
DA:130,0
DA:133,0
DA:135,0
DA:136,0
DA:137,0
DA:140,0
DA:141,0
DA:142,0
DA:145,0
DA:146,0
DA:149,0
DA:153,0
DA:154,0
DA:155,0
DA:156,0
DA:160,2
DA:161,0
DA:163,0
DA:164,0
DA:165,0
DA:166,0
DA:177,0
DA:178,0
DA:180,0
DA:191,0
DA:192,0
LF:89
LH:11
BRDA:44,0,0,0
BRDA:44,0,1,0
BRDA:72,1,0,0
BRDA:72,1,1,0
BRDA:72,2,0,0
BRDA:72,2,1,0
BRDA:91,3,0,0
BRDA:91,3,1,0
BRDA:97,4,0,0
BRDA:97,4,1,0
BRDA:115,5,0,0
BRDA:115,5,1,0
BRDA:116,6,0,0
BRDA:116,6,1,0
BRDA:118,7,0,0
BRDA:118,7,1,0
BRDA:164,8,0,0
BRDA:164,8,1,0
BRF:18
BRH:0
end_of_record
TN:
SF:controller\socket.controller.js
FN:2,(anonymous_0)
FN:9,(anonymous_1)
FN:17,(anonymous_2)
FN:25,(anonymous_3)
FN:30,(anonymous_4)
FN:35,(anonymous_5)
FN:36,(anonymous_6)
FN:41,(anonymous_7)
FN:42,(anonymous_8)
FNF:9
FNH:0
FNDA:0,(anonymous_0)
FNDA:0,(anonymous_1)
FNDA:0,(anonymous_2)
FNDA:0,(anonymous_3)
FNDA:0,(anonymous_4)
FNDA:0,(anonymous_5)
FNDA:0,(anonymous_6)
FNDA:0,(anonymous_7)
FNDA:0,(anonymous_8)
DA:1,2
DA:2,2
DA:3,0
DA:6,0
DA:8,2
DA:9,2
DA:10,0
DA:13,0
DA:17,2
DA:18,0
DA:22,0
DA:23,0
DA:25,0
DA:27,0
DA:28,0
DA:30,0
DA:32,0
DA:35,2
DA:36,0
DA:37,0
DA:41,2
DA:42,0
DA:43,0
DA:44,0
LF:24
LH:7
BRDA:22,0,0,0
BRDA:22,0,1,0
BRDA:27,1,0,0
BRDA:27,1,1,0
BRF:4
BRH:0
end_of_record
TN:
SF:controller\video.controller.js
FN:6,(anonymous_0)
FN:13,(anonymous_1)
FN:23,(anonymous_2)
FN:25,(anonymous_3)
FN:35,(anonymous_4)
FN:39,(anonymous_5)
FN:45,(anonymous_6)
FN:57,(anonymous_7)
FN:62,(anonymous_8)
FN:72,(anonymous_9)
FN:77,(anonymous_10)
FN:92,(anonymous_11)
FNF:12
FNH:7
FNDA:1,(anonymous_0)
FNDA:1,(anonymous_1)
FNDA:0,(anonymous_2)
FNDA:0,(anonymous_3)
FNDA:4,(anonymous_4)
FNDA:3,(anonymous_5)
FNDA:1,(anonymous_6)
FNDA:5,(anonymous_7)
FNDA:5,(anonymous_8)
FNDA:0,(anonymous_9)
FNDA:0,(anonymous_10)
FNDA:0,(anonymous_11)
DA:1,2
DA:2,2
DA:3,2
DA:4,2
DA:6,2
DA:7,1
DA:13,1
DA:14,1
DA:15,0
DA:16,0
DA:18,1
DA:23,2
DA:24,0
DA:25,0
DA:26,0
DA:27,0
DA:28,0
DA:30,0
DA:35,2
DA:36,4
DA:37,4
DA:39,3
DA:40,3
DA:41,2
DA:42,2
DA:44,1
DA:45,1
DA:46,1
DA:47,0
DA:48,0
DA:50,1
DA:57,2
DA:58,5
DA:59,5
DA:60,5
DA:62,5
DA:63,5
DA:64,2
DA:65,2
DA:67,3
DA:72,2
DA:73,0
DA:74,0
DA:75,0
DA:77,0
DA:78,0
DA:79,0
DA:80,0
DA:82,0
DA:83,0
DA:87,0
DA:92,2
DA:93,0
DA:95,0
DA:97,0
DA:99,0
DA:100,0
DA:102,0
DA:104,0
DA:105,0
DA:107,0
DA:108,0
DA:109,0
DA:110,0
DA:112,0
DA:113,0
DA:114,0
DA:117,0
DA:118,0
DA:119,0
DA:126,0
DA:127,0
DA:129,0
DA:133,0
DA:134,0
LF:75
LH:32
BRDA:14,0,0,0
BRDA:14,0,1,1
BRDA:26,1,0,0
BRDA:26,1,1,0
BRDA:37,2,0,1
BRDA:37,2,1,3
BRDA:40,3,0,2
BRDA:40,3,1,1
BRDA:46,4,0,0
BRDA:46,4,1,1
BRDA:60,5,0,0
BRDA:60,5,1,5
BRDA:63,6,0,2
BRDA:63,6,1,3
BRDA:75,7,0,0
BRDA:75,7,1,0
BRDA:78,8,0,0
BRDA:78,8,1,0
BRDA:95,9,0,0
BRDA:95,9,1,0
BRDA:107,10,0,0
BRDA:107,10,1,0
BRDA:110,11,0,0
BRDA:110,11,1,0
BRDA:112,12,0,0
BRDA:112,12,1,0
BRF:26
BRH:9
end_of_record
TN:
SF:model\settings.model.js
FNF:0
FNH:0
DA:1,2
DA:3,2
DA:19,2
DA:30,2
DA:31,2
DA:33,2
LF:6
LH:6
BRF:0
BRH:0
end_of_record
TN:
SF:model\video.model.js
FNF:0
FNH:0
DA:1,2
DA:2,2
DA:4,2
DA:23,2
DA:25,2
DA:27,2
LF:6
LH:6
BRF:0
BRH:0
end_of_record
TN:
SF:tests\__testData__\directories.js
FNF:0
FNH:0
DA:1,1
DA:6,1
DA:34,1
LF:3
LH:3
BRF:0
BRH:0
end_of_record
TN:
SF:tests\__testData__\videos.js
FNF:0
FNH:0
DA:1,2
DA:38,2
LF:2
LH:2
BRF:0
BRH:0
end_of_record
TN:
SF:utils\dateTime.js
FN:1,(anonymous_0)
FNF:1
FNH:0
FNDA:0,(anonymous_0)
DA:1,2
DA:2,0
DA:3,0
DA:4,0
DA:5,0
DA:6,0
DA:7,0
DA:8,0
DA:9,0
DA:10,0
DA:12,0
DA:13,0
DA:15,0
DA:16,0
DA:18,0
DA:19,0
DA:21,0
DA:22,0
DA:24,0
DA:25,0
LF:20
LH:1
BRDA:9,0,0,0
BRDA:9,0,1,0
BRDA:12,1,0,0
BRDA:12,1,1,0
BRDA:15,2,0,0
BRDA:15,2,1,0
BRDA:18,3,0,0
BRDA:18,3,1,0
BRDA:21,4,0,0
BRDA:21,4,1,0
BRF:10
BRH:0
end_of_record
TN:
SF:utils\logger.js
FN:9,(anonymous_0)
FN:13,(anonymous_1)
FN:18,(anonymous_2)
FN:35,(anonymous_3)
FN:46,(anonymous_4)
FN:135,(anonymous_5)
FN:140,(anonymous_6)
FN:143,(anonymous_7)
FN:146,(anonymous_8)
FN:149,(anonymous_9)
FNF:10
FNH:7
FNDA:0,(anonymous_0)
FNDA:0,(anonymous_1)
FNDA:8,(anonymous_2)
FNDA:6,(anonymous_3)
FNDA:6,(anonymous_4)
FNDA:7,(anonymous_5)
FNDA:5,(anonymous_6)
FNDA:2,(anonymous_7)
FNDA:0,(anonymous_8)
FNDA:8,(anonymous_9)
DA:1,2
DA:2,2
DA:3,2
DA:4,2
DA:6,2
DA:7,2
DA:9,2
DA:10,0
DA:13,2
DA:14,0
DA:15,0
DA:18,2
DA:19,8
DA:35,2
DA:36,6
DA:46,2
DA:47,6
DA:60,2
DA:74,2
DA:88,2
DA:102,2
DA:125,2
DA:126,0
DA:135,2
DA:136,7
DA:139,2
DA:141,5
DA:144,2
DA:147,0
DA:150,8
DA:154,2
LF:31
LH:26
BRDA:14,0,0,0
BRDA:14,0,1,0
BRDA:125,1,0,0
BRDA:125,1,1,2
BRDA:136,2,0,7
BRDA:136,2,1,7
BRDA:141,3,0,5
BRDA:141,3,1,0
BRDA:144,4,0,2
BRDA:144,4,1,0
BRDA:150,5,0,8
BRDA:150,5,1,0
BRF:12
BRH:6
end_of_record
TN:
SF:utils\video.scanner.js
FN:9,(anonymous_0)
FN:13,(anonymous_1)
FN:17,(anonymous_2)
FN:18,(anonymous_3)
FN:34,(anonymous_4)
FN:37,(anonymous_5)
FN:41,(anonymous_6)
FN:42,(anonymous_7)
FN:75,getThumbnail
FN:76,(anonymous_9)
FN:89,(anonymous_10)
FN:90,(anonymous_11)
FN:94,(anonymous_12)
FN:100,getVideoDuration
FNF:14
FNH:0
FNDA:0,(anonymous_0)
FNDA:0,(anonymous_1)
FNDA:0,(anonymous_2)
FNDA:0,(anonymous_3)
FNDA:0,(anonymous_4)
FNDA:0,(anonymous_5)
FNDA:0,(anonymous_6)
FNDA:0,(anonymous_7)
FNDA:0,getThumbnail
FNDA:0,(anonymous_9)
FNDA:0,(anonymous_10)
FNDA:0,(anonymous_11)
FNDA:0,(anonymous_12)
FNDA:0,getVideoDuration
DA:1,2
DA:2,2
DA:3,2
DA:4,2
DA:5,2
DA:6,2
DA:7,2
DA:9,2
DA:10,0
DA:13,2
DA:14,0
DA:17,2
DA:18,0
DA:19,0
DA:20,0
DA:21,0
DA:23,0
DA:32,0
DA:35,0
DA:37,0
DA:41,2
DA:42,0
DA:43,0
DA:44,0
DA:45,0
DA:46,0
DA:47,0
DA:49,0
DA:67,0
DA:69,0
DA:70,0
DA:76,0
DA:77,0
DA:78,0
DA:80,0
DA:81,0
DA:83,0
DA:85,0
DA:89,0
DA:91,0
DA:92,0
DA:95,0
DA:101,0
DA:102,0
DA:104,0
LF:45
LH:11
BRF:0
BRH:0
end_of_record
